C:\Users\1533276\source\repos\Angular2Practice\Angular2Practice\src\app\courses.js
C:\Users\1533276\source\repos\Angular2Practice\Angular2Practice\src\app\courses.js.map
C:\Users\1533276\source\repos\Angular2Practice\Angular2Practice\src\app\couses.service.js
C:\Users\1533276\source\repos\Angular2Practice\Angular2Practice\src\app\couses.service.js.map
C:\Users\1533276\source\repos\Angular2Practice\Angular2Practice\src\app\authors.service.js
C:\Users\1533276\source\repos\Angular2Practice\Angular2Practice\src\app\authors.service.js.map
C:\Users\1533276\source\repos\Angular2Practice\Angular2Practice\src\app\courses.component.js
C:\Users\1533276\source\repos\Angular2Practice\Angular2Practice\src\app\courses.component.js.map
C:\Users\1533276\source\repos\Angular2Practice\Angular2Practice\src\app\employeeList.component.js
C:\Users\1533276\source\repos\Angular2Practice\Angular2Practice\src\app\employeeList.component.js.map
C:\Users\1533276\source\repos\Angular2Practice\Angular2Practice\src\app\employee.js
C:\Users\1533276\source\repos\Angular2Practice\Angular2Practice\src\app\employee.js.map
C:\Users\1533276\source\repos\Angular2Practice\Angular2Practice\src\app\changetracker\simpleChange.component.js
C:\Users\1533276\source\repos\Angular2Practice\Angular2Practice\src\app\changetracker\simpleChange.component.js.map
C:\Users\1533276\source\repos\Angular2Practice\Angular2Practice\src\app\employeeTable.service.js
C:\Users\1533276\source\repos\Angular2Practice\Angular2Practice\src\app\employeeTable.service.js.map
C:\Users\1533276\source\repos\Angular2Practice\Angular2Practice\src\app\model\news.js
C:\Users\1533276\source\repos\Angular2Practice\Angular2Practice\src\app\model\news.js.map
C:\Users\1533276\source\repos\Angular2Practice\Angular2Practice\src\app\components\news.component\newsitem\newsItem.component.js
C:\Users\1533276\source\repos\Angular2Practice\Angular2Practice\src\app\components\news.component\newsitem\newsItem.component.js.map
C:\Users\1533276\source\repos\Angular2Practice\Angular2Practice\src\app\employeeTable.component.js
C:\Users\1533276\source\repos\Angular2Practice\Angular2Practice\src\app\employeeTable.component.js.map
C:\Users\1533276\source\repos\Angular2Practice\Angular2Practice\src\app\Details\details.component.js
C:\Users\1533276\source\repos\Angular2Practice\Angular2Practice\src\app\Details\details.component.js.map
C:\Users\1533276\source\repos\Angular2Practice\Angular2Practice\src\app\services\news.service.js
C:\Users\1533276\source\repos\Angular2Practice\Angular2Practice\src\app\services\news.service.js.map
C:\Users\1533276\source\repos\Angular2Practice\Angular2Practice\src\app\components\news.component\news.component.js
C:\Users\1533276\source\repos\Angular2Practice\Angular2Practice\src\app\components\news.component\news.component.js.map
C:\Users\1533276\source\repos\Angular2Practice\Angular2Practice\src\app\components\sections.component\sections.component.js
C:\Users\1533276\source\repos\Angular2Practice\Angular2Practice\src\app\components\sections.component\sections.component.js.map
C:\Users\1533276\source\repos\Angular2Practice\Angular2Practice\src\app\app.component.js
C:\Users\1533276\source\repos\Angular2Practice\Angular2Practice\src\app\app.component.js.map
C:\Users\1533276\source\repos\Angular2Practice\Angular2Practice\src\app\app.module.js
C:\Users\1533276\source\repos\Angular2Practice\Angular2Practice\src\app\app.module.js.map
C:\Users\1533276\source\repos\Angular2Practice\Angular2Practice\src\main.js
C:\Users\1533276\source\repos\Angular2Practice\Angular2Practice\src\main.js.map
C:\Users\1533276\source\repos\Angular2Practice\Angular2Practice\src\app\app.component.spec.js
C:\Users\1533276\source\repos\Angular2Practice\Angular2Practice\src\app\app.component.spec.js.map
C:\Users\1533276\source\repos\Angular2Practice\Angular2Practice\src\environments\environment.prod.js
C:\Users\1533276\source\repos\Angular2Practice\Angular2Practice\src\environments\environment.prod.js.map
C:\Users\1533276\source\repos\Angular2Practice\Angular2Practice\src\environments\environment.js
C:\Users\1533276\source\repos\Angular2Practice\Angular2Practice\src\environments\environment.js.map
